<?xml version="1.0" encoding="UTF-8"?>
<testsuite name="Compra de un producto" tests="1" skipped="0" failures="0" errors="0" timestamp="2020-06-14T03:30:16" hostname="SQAT1MDEWIN61" time="68.565">
  <properties/>
  <testcase name="Buscar y agregar productos al carrito" classname="Compra de un producto" time="68.565"/>
  <system-out><![CDATA[]]></system-out>
  <system-err><![CDATA[jun 13, 2020 10:30:28 PM io.appium.java_client.remote.AppiumCommandExecutor$1 lambda$0
INFORMACIÓN: Detected dialect: W3C
[Test worker] INFO net.thucydides.core.steps.ConsoleLoggingListener - 
        __    _____ _____ ____ _____   ____   _    ____  ____  _____ ____  
  _     \ \  |_   _| ____/ ___|_   _| |  _ \ / \  / ___|/ ___|| ____|  _ \ 
 (_)_____| |   | | |  _| \___ \ | |   | |_) / _ \ \___ \\___ \|  _| | | | |
  _|_____| |   | | | |___ ___) || |   |  __/ ___ \ ___) |___) | |___| |_| |
 (_)     | |   |_| |_____|____/ |_|   |_| /_/   \_\____/|____/|_____|____/ 
        /_/                                                                

TEST PASSED: Buscar y agregar productos al carrito
----------------------------------------------------------------------------
]]></system-err>
</testsuite>
